2022-12-13 15:52:40,724 MENU_LOG TEST_LOGGER [main] Welcome to the delivery system. 
2022-12-13 15:52:40,726 MENU_LOG TEST_LOGGER [main] Please choose from one of the following options: 
2022-12-13 15:52:40,726 MENU_LOG TEST_LOGGER [main] 1. Enter the sender
2022-12-13 15:52:40,726 MENU_LOG TEST_LOGGER [main] 2. Enter the recipient
2022-12-13 15:52:40,726 MENU_LOG TEST_LOGGER [main] 3. Send a package
2022-12-13 15:52:40,726 MENU_LOG TEST_LOGGER [main] 4. Only buy stamps
2022-12-13 15:52:40,726 MENU_LOG TEST_LOGGER [main] 5. File a complaint
2022-12-13 15:52:40,726 MENU_LOG TEST_LOGGER [main] 6. Sign up for our membership
2022-12-13 15:52:40,726 MENU_LOG TEST_LOGGER [main] 7. Manage the PO Boxes in the system
2022-12-13 15:52:40,727 MENU_LOG TEST_LOGGER [main] 8. Enter the information for the facility televisions
2022-12-13 15:52:40,727 MENU_LOG TEST_LOGGER [main] 0. Exit the program
2022-12-13 15:56:56,331 MENU_LOG TEST_LOGGER [main] Welcome to the delivery system. 
2022-12-13 15:56:56,333 MENU_LOG TEST_LOGGER [main] Please choose from one of the following options: 
2022-12-13 15:56:56,333 MENU_LOG TEST_LOGGER [main] 1. Enter the sender
2022-12-13 15:56:56,333 MENU_LOG TEST_LOGGER [main] 2. Enter the recipient
2022-12-13 15:56:56,333 MENU_LOG TEST_LOGGER [main] 3. Send a package
2022-12-13 15:56:56,334 MENU_LOG TEST_LOGGER [main] 4. Only buy stamps
2022-12-13 15:56:56,334 MENU_LOG TEST_LOGGER [main] 5. File a complaint
2022-12-13 15:56:56,334 MENU_LOG TEST_LOGGER [main] 6. Sign up for our membership
2022-12-13 15:56:56,334 MENU_LOG TEST_LOGGER [main] 7. Manage the PO Boxes in the system
2022-12-13 15:56:56,334 MENU_LOG TEST_LOGGER [main] 8. Enter the information for the facility televisions
2022-12-13 15:56:56,335 MENU_LOG TEST_LOGGER [main] 0. Exit the program
