2022-12-06 11:37:02,337 MENU_LOG TEST_LOGGER [main] Welcome to the delivery system. 
2022-12-06 11:37:02,338 MENU_LOG TEST_LOGGER [main] Please choose from one of the following options: 
2022-12-06 11:37:02,339 MENU_LOG TEST_LOGGER [main] 1. Enter the sender
2022-12-06 11:37:02,339 MENU_LOG TEST_LOGGER [main] 2. Enter the recipient
2022-12-06 11:37:02,339 MENU_LOG TEST_LOGGER [main] 3. Send a package
2022-12-06 11:37:02,339 MENU_LOG TEST_LOGGER [main] 4. Only buy stamps
2022-12-06 11:37:02,339 MENU_LOG TEST_LOGGER [main] 5. File a complaint
2022-12-06 11:37:02,339 MENU_LOG TEST_LOGGER [main] 6. Sign up for our membership
2022-12-06 11:37:02,339 MENU_LOG TEST_LOGGER [main] 0. Exit the program
2022-12-06 11:37:05,253 MENU_LOG TEST_LOGGER [main] Thank you for your service! Have a great day!
2022-12-06 11:39:23,441 MENU_LOG TEST_LOGGER [main] Welcome to the delivery system. 
2022-12-06 11:39:23,443 MENU_LOG TEST_LOGGER [main] Please choose from one of the following options: 
2022-12-06 11:39:23,443 MENU_LOG TEST_LOGGER [main] 1. Enter the sender
2022-12-06 11:39:23,443 MENU_LOG TEST_LOGGER [main] 2. Enter the recipient
2022-12-06 11:39:23,443 MENU_LOG TEST_LOGGER [main] 3. Send a package
2022-12-06 11:39:23,443 MENU_LOG TEST_LOGGER [main] 4. Only buy stamps
2022-12-06 11:39:23,443 MENU_LOG TEST_LOGGER [main] 5. File a complaint
2022-12-06 11:39:23,443 MENU_LOG TEST_LOGGER [main] 6. Sign up for our membership
2022-12-06 11:39:23,443 MENU_LOG TEST_LOGGER [main] 0. Exit the program
2022-12-06 11:39:26,158 MENU_LOG TEST_LOGGER [main] Thank you for your service! Have a great day!
2022-12-06 11:39:51,167 MENU_LOG TEST_LOGGER [main] Welcome to the delivery system. 
2022-12-06 11:39:51,169 MENU_LOG TEST_LOGGER [main] Please choose from one of the following options: 
2022-12-06 11:39:51,169 MENU_LOG TEST_LOGGER [main] 1. Enter the sender
2022-12-06 11:39:51,169 MENU_LOG TEST_LOGGER [main] 2. Enter the recipient
2022-12-06 11:39:51,169 MENU_LOG TEST_LOGGER [main] 3. Send a package
2022-12-06 11:39:51,169 MENU_LOG TEST_LOGGER [main] 4. Only buy stamps
2022-12-06 11:39:51,169 MENU_LOG TEST_LOGGER [main] 5. File a complaint
2022-12-06 11:39:51,169 MENU_LOG TEST_LOGGER [main] 6. Sign up for our membership
2022-12-06 11:39:51,169 MENU_LOG TEST_LOGGER [main] 0. Exit the program
2022-12-06 11:39:58,898 MENU_LOG TEST_LOGGER [main] 
How many stamps would you like to buy? 0.75 per stamp
2022-12-06 11:40:00,868 MENU_LOG TEST_LOGGER [main] 
You bought 13 stamps for $9.75
2022-12-06 11:40:00,868 MENU_LOG TEST_LOGGER [main] Thank you!
2022-12-06 11:44:46,658 MENU_LOG TEST_LOGGER [main] Welcome to the delivery system. 
2022-12-06 11:44:46,660 MENU_LOG TEST_LOGGER [main] Please choose from one of the following options: 
2022-12-06 11:44:46,660 MENU_LOG TEST_LOGGER [main] 1. Enter the sender
2022-12-06 11:44:46,660 MENU_LOG TEST_LOGGER [main] 2. Enter the recipient
2022-12-06 11:44:46,660 MENU_LOG TEST_LOGGER [main] 3. Send a package
2022-12-06 11:44:46,660 MENU_LOG TEST_LOGGER [main] 4. Only buy stamps
2022-12-06 11:44:46,660 MENU_LOG TEST_LOGGER [main] 5. File a complaint
2022-12-06 11:44:46,660 MENU_LOG TEST_LOGGER [main] 6. Sign up for our membership
2022-12-06 11:44:46,660 MENU_LOG TEST_LOGGER [main] 0. Exit the program
2022-12-06 11:44:50,403 MENU_LOG TEST_LOGGER [main] Thank you for your service! Have a great day!
2022-12-06 21:50:20,653 MENU_LOG TEST_LOGGER [main] Welcome to the delivery system. 
2022-12-06 21:50:20,655 MENU_LOG TEST_LOGGER [main] Please choose from one of the following options: 
2022-12-06 21:50:20,655 MENU_LOG TEST_LOGGER [main] 1. Enter the sender
2022-12-06 21:50:20,655 MENU_LOG TEST_LOGGER [main] 2. Enter the recipient
2022-12-06 21:50:20,655 MENU_LOG TEST_LOGGER [main] 3. Send a package
2022-12-06 21:50:20,655 MENU_LOG TEST_LOGGER [main] 4. Only buy stamps
2022-12-06 21:50:20,655 MENU_LOG TEST_LOGGER [main] 5. File a complaint
2022-12-06 21:50:20,655 MENU_LOG TEST_LOGGER [main] 6. Sign up for our membership
2022-12-06 21:50:20,655 MENU_LOG TEST_LOGGER [main] 0. Exit the program
2022-12-06 21:50:24,567 MENU_LOG TEST_LOGGER [main] 
How many stamps would you like to buy? 0.75 per stamp
2022-12-06 21:50:29,103 WARN TEST_LOGGER [main] exceptions.TooManyStampsException: 
Too many stamps
2022-12-06 21:50:29,103 MENU_LOG TEST_LOGGER [main] 
How many stamps would you like to buy? 0.75 per stamp
2022-12-06 21:50:31,590 WARN TEST_LOGGER [main] exceptions.TooManyStampsException: 
Too many stamps
2022-12-06 21:50:31,591 MENU_LOG TEST_LOGGER [main] 
How many stamps would you like to buy? 0.75 per stamp
2022-12-06 21:50:33,194 MENU_LOG TEST_LOGGER [main] 
You bought 100 stamps for $75.00
2022-12-06 21:50:33,194 MENU_LOG TEST_LOGGER [main] Thank you!
2022-12-06 22:20:45,410 MENU_LOG TEST_LOGGER [main] Welcome to the delivery system. 
2022-12-06 22:20:45,410 MENU_LOG TEST_LOGGER [main] Please choose from one of the following options: 
2022-12-06 22:20:45,410 MENU_LOG TEST_LOGGER [main] 1. Enter the sender
2022-12-06 22:20:45,410 MENU_LOG TEST_LOGGER [main] 2. Enter the recipient
2022-12-06 22:20:45,410 MENU_LOG TEST_LOGGER [main] 3. Send a package
2022-12-06 22:20:45,410 MENU_LOG TEST_LOGGER [main] 4. Only buy stamps
2022-12-06 22:20:45,410 MENU_LOG TEST_LOGGER [main] 5. File a complaint
2022-12-06 22:20:45,410 MENU_LOG TEST_LOGGER [main] 6. Sign up for our membership
2022-12-06 22:20:45,410 MENU_LOG TEST_LOGGER [main] 0. Exit the program
2022-12-06 22:20:51,693 MENU_LOG TEST_LOGGER [main] 
Enter your first name
2022-12-06 22:20:52,377 MENU_LOG TEST_LOGGER [main] Enter your last name
2022-12-06 22:20:52,948 MENU_LOG TEST_LOGGER [main] Enter your address
2022-12-06 22:20:53,440 MENU_LOG TEST_LOGGER [main] Enter your phone number
2022-12-06 22:20:54,011 MENU_LOG TEST_LOGGER [main] 
To return to operation, press 1
2022-12-06 22:20:54,011 MENU_LOG TEST_LOGGER [main] To exit the operation, press 0

2022-12-06 22:20:54,642 MENU_LOG TEST_LOGGER [main] 
Name of sender: 123, 123
2022-12-06 22:20:54,642 MENU_LOG TEST_LOGGER [main] Address of sender: 123
2022-12-06 22:20:54,643 MENU_LOG TEST_LOGGER [main] Phone number: 123

2022-12-06 22:20:54,643 MENU_LOG TEST_LOGGER [main] 1. Enter the sender
2022-12-06 22:20:54,643 MENU_LOG TEST_LOGGER [main] 2. Enter the recipient
2022-12-06 22:20:54,643 MENU_LOG TEST_LOGGER [main] 3. Send a package
2022-12-06 22:20:54,643 MENU_LOG TEST_LOGGER [main] 4. Only buy stamps
2022-12-06 22:20:54,643 MENU_LOG TEST_LOGGER [main] 5. File a complaint
2022-12-06 22:20:54,643 MENU_LOG TEST_LOGGER [main] 6. Sign up for our membership
2022-12-06 22:20:54,643 MENU_LOG TEST_LOGGER [main] 0. Exit the program
2022-12-06 22:20:55,614 MENU_LOG TEST_LOGGER [main] 
Enter the recipient's first name
2022-12-06 22:20:56,465 MENU_LOG TEST_LOGGER [main] Enter the recipient's last name
2022-12-06 22:20:57,146 MENU_LOG TEST_LOGGER [main] Enter the recipient's address
2022-12-06 22:20:57,856 MENU_LOG TEST_LOGGER [main] Enter the recipient's phone number
2022-12-06 22:20:58,518 MENU_LOG TEST_LOGGER [main] 
To return to operation, press 1
2022-12-06 22:20:58,518 MENU_LOG TEST_LOGGER [main] To exit the operation, press 0

2022-12-06 22:21:00,379 MENU_LOG TEST_LOGGER [main] 
Name of sender: 123, 123
2022-12-06 22:21:00,379 MENU_LOG TEST_LOGGER [main] Address of sender: 123
2022-12-06 22:21:00,379 MENU_LOG TEST_LOGGER [main] Phone number: 123

2022-12-06 22:21:00,379 MENU_LOG TEST_LOGGER [main] 
Name of recipient: 1234, 1234
2022-12-06 22:21:00,379 MENU_LOG TEST_LOGGER [main] Address of recipient: 1234
2022-12-06 22:21:00,379 MENU_LOG TEST_LOGGER [main] Phone number: 1234

2022-12-06 22:21:00,379 MENU_LOG TEST_LOGGER [main] 1. Enter the sender
2022-12-06 22:21:00,379 MENU_LOG TEST_LOGGER [main] 2. Enter the recipient
2022-12-06 22:21:00,380 MENU_LOG TEST_LOGGER [main] 3. Send a package
2022-12-06 22:21:00,380 MENU_LOG TEST_LOGGER [main] 4. Only buy stamps
2022-12-06 22:21:00,380 MENU_LOG TEST_LOGGER [main] 5. File a complaint
2022-12-06 22:21:00,380 MENU_LOG TEST_LOGGER [main] 6. Sign up for our membership
2022-12-06 22:21:00,380 MENU_LOG TEST_LOGGER [main] 0. Exit the program
2022-12-06 22:21:01,866 MENU_LOG TEST_LOGGER [main] 
Do you want insurance? Select from our plans
2022-12-06 22:21:01,866 MENU_LOG TEST_LOGGER [main] 1. $10 coverage
2022-12-06 22:21:01,866 MENU_LOG TEST_LOGGER [main] 2. $30 coverage
2022-12-06 22:21:01,866 MENU_LOG TEST_LOGGER [main] 3. $50 coverage
2022-12-06 22:21:01,866 MENU_LOG TEST_LOGGER [main] 0. No insurance
2022-12-06 22:21:04,426 MENU_LOG TEST_LOGGER [main] 
Which delivery plan do you want? 5 days for $3, 3 days for $6, or 1 day for $9?
2022-12-06 22:21:04,426 MENU_LOG TEST_LOGGER [main] Select based on the number of days that you want
2022-12-06 22:21:07,066 MENU_LOG TEST_LOGGER [main] 
Name of sender: 123, 123
2022-12-06 22:21:07,066 MENU_LOG TEST_LOGGER [main] Address of sender: 123
2022-12-06 22:21:07,066 MENU_LOG TEST_LOGGER [main] Phone number: 123

2022-12-06 22:21:07,066 MENU_LOG TEST_LOGGER [main] 
Name of recipient: 1234, 1234
2022-12-06 22:21:07,066 MENU_LOG TEST_LOGGER [main] Address of sender: 1234
2022-12-06 22:21:07,067 MENU_LOG TEST_LOGGER [main] Phone number: 1234

2022-12-06 22:21:07,068 MENU_LOG TEST_LOGGER [main] 
Package number: 715182573
2022-12-06 22:21:07,068 MENU_LOG TEST_LOGGER [main] Insurance number: 2941585
2022-12-06 22:21:07,068 MENU_LOG TEST_LOGGER [main] ETA: 5 Day(s)
2022-12-06 22:21:07,070 MENU_LOG TEST_LOGGER [main] Complete total: 35.31
2022-12-06 22:21:07,070 MENU_LOG TEST_LOGGER [main] 
Is this okay? Yes/No? (Not case sensitive)
2022-12-06 22:21:11,530 ERROR TEST_LOGGER [main] 
A problem occurred exceptions.YesOrNoException: 
Please choose Yes or NO
2022-12-06 22:21:11,530 MENU_LOG TEST_LOGGER [main] 
Is this okay? Yes/No? (Not case sensitive)
2022-12-06 22:21:13,986 MENU_LOG TEST_LOGGER [main] 
Sending package now!
2022-12-06 22:21:13,986 MENU_LOG TEST_LOGGER [main] Thank you for your business
2022-12-06 22:21:13,986 MENU_LOG TEST_LOGGER [main] 
Order obtained
2022-12-06 22:21:13,992 MENU_LOG TEST_LOGGER [main] 
Name of sender: 123, 123
Address of sender: 123
Phone number: 123

Name of recipient: 1234, 1234
Address of sender: 1234
Phone number: 1234

Insurance number: 2941585

ETA: 5 Day(s)

2022-12-06 22:21:13,992 MENU_LOG TEST_LOGGER [main] 
Enter your driver's first name
2022-12-06 22:21:16,146 MENU_LOG TEST_LOGGER [main] Enter your driver's last name
2022-12-06 22:21:17,122 MENU_LOG TEST_LOGGER [main] How is the car doing?
2022-12-06 22:21:20,162 MENU_LOG TEST_LOGGER [main] 
Drive information
2022-12-06 22:21:20,162 MENU_LOG TEST_LOGGER [main] Name: Tom, Apple
2022-12-06 22:21:20,162 MENU_LOG TEST_LOGGER [main] Number: 28776
2022-12-06 22:21:20,162 MENU_LOG TEST_LOGGER [main] Status: Great
2022-12-06 22:21:20,163 MENU_LOG TEST_LOGGER [main] 
Can you confirm that driver Apple Tom
2022-12-06 22:21:20,163 MENU_LOG TEST_LOGGER [main]  will take this delivery? Yes or No? (Not case sensitive)
2022-12-06 22:21:21,025 MENU_LOG TEST_LOGGER [main] 
Preparing package drop off now!
2022-12-06 22:21:21,025 MENU_LOG TEST_LOGGER [main] 
Enter the weight of the package in pounds
2022-12-06 22:21:23,419 MENU_LOG TEST_LOGGER [main] Enter the width of the package in inches
2022-12-06 22:21:24,354 MENU_LOG TEST_LOGGER [main] Enter the height of the package in inches
2022-12-06 22:21:24,916 MENU_LOG TEST_LOGGER [main] 
How many stamps do you have on the envelope?
2022-12-06 22:21:34,988 MENU_LOG TEST_LOGGER [main] 
The weight of the object is 2.0
2022-12-06 22:21:34,988 MENU_LOG TEST_LOGGER [main] This is a(n) Envelope
2022-12-06 22:21:34,988 MENU_LOG TEST_LOGGER [main] It needs 10 stamp(s)

2022-12-06 22:21:34,988 MENU_LOG TEST_LOGGER [main] Stamp 1
2022-12-06 22:21:34,988 MENU_LOG TEST_LOGGER [main] 0.75
2022-12-06 22:21:34,988 MENU_LOG TEST_LOGGER [main] Stamp 2
2022-12-06 22:21:34,988 MENU_LOG TEST_LOGGER [main] 0.75
2022-12-06 22:21:34,989 MENU_LOG TEST_LOGGER [main] Stamp 3
2022-12-06 22:21:34,989 MENU_LOG TEST_LOGGER [main] 0.75
2022-12-06 22:21:34,989 MENU_LOG TEST_LOGGER [main] Stamp 4
2022-12-06 22:21:34,989 MENU_LOG TEST_LOGGER [main] 0.75
2022-12-06 22:21:34,989 MENU_LOG TEST_LOGGER [main] Stamp 5
2022-12-06 22:21:34,989 MENU_LOG TEST_LOGGER [main] 0.75
2022-12-06 22:21:34,989 MENU_LOG TEST_LOGGER [main] Stamp 6
2022-12-06 22:21:34,989 MENU_LOG TEST_LOGGER [main] 0.75
2022-12-06 22:21:34,989 MENU_LOG TEST_LOGGER [main] Stamp 7
2022-12-06 22:21:34,989 MENU_LOG TEST_LOGGER [main] 0.75
2022-12-06 22:21:34,989 MENU_LOG TEST_LOGGER [main] Stamp 8
2022-12-06 22:21:34,989 MENU_LOG TEST_LOGGER [main] 0.75
2022-12-06 22:21:34,989 MENU_LOG TEST_LOGGER [main] Stamp 9
2022-12-06 22:21:34,989 MENU_LOG TEST_LOGGER [main] 0.75
2022-12-06 22:21:34,989 MENU_LOG TEST_LOGGER [main] Stamp 10
2022-12-06 22:21:34,989 MENU_LOG TEST_LOGGER [main] 0.75
2022-12-06 22:21:34,989 MENU_LOG TEST_LOGGER [main] 
Enter the weight again in facility to make sure it's the correct object
2022-12-06 22:21:47,850 MENU_LOG TEST_LOGGER [main] The weight of the object in the facility is: 2.0
2022-12-06 22:21:47,850 MENU_LOG TEST_LOGGER [main] 
The correct package is found.
2022-12-06 22:21:47,850 MENU_LOG TEST_LOGGER [main] ETA is 5 day(s) until delivery
2022-12-06 22:21:47,850 MENU_LOG TEST_LOGGER [main] Entering in vehicle now
2022-12-06 22:21:47,851 MENU_LOG TEST_LOGGER [main] 
What vehicle do you want to use? A car or an plane?
2022-12-06 22:21:51,114 MENU_LOG TEST_LOGGER [main] 
You have chosen an airplane
2022-12-06 22:21:51,115 MENU_LOG TEST_LOGGER [main] 
Vehicle choice: Plane
2022-12-06 22:21:51,115 MENU_LOG TEST_LOGGER [main] Number: 17
2022-12-06 22:21:51,115 MENU_LOG TEST_LOGGER [main] 
Sending package now
2022-12-06 22:21:51,115 MENU_LOG TEST_LOGGER [main] 
Order delivered
2022-12-06 22:21:51,116 MENU_LOG TEST_LOGGER [main] 
Envelope received
2022-12-06 22:21:51,116 MENU_LOG TEST_LOGGER [main] 
Name of sender: 123, 123
Address of sender: 123
Phone number: 123

Name of recipient: 1234, 1234
Address of sender: 1234
Phone number: 1234

Insurance number: 2941585

ETA: 5 Day(s)
2022-12-06 22:21:51,116 MENU_LOG TEST_LOGGER [main] 
More options
2022-12-06 22:21:51,116 MENU_LOG TEST_LOGGER [main] 1. Take our 3 question survey
2022-12-06 22:21:51,116 MENU_LOG TEST_LOGGER [main] 2. Get a small factoid of the mail while leaving
2022-12-06 22:21:51,116 MENU_LOG TEST_LOGGER [main] 3. Buy stamps. 0.75 per stamp
2022-12-06 22:21:51,116 MENU_LOG TEST_LOGGER [main] 4. Sign up for our membership
2022-12-06 22:21:51,116 MENU_LOG TEST_LOGGER [main] 0. End
2022-12-06 22:21:55,771 MENU_LOG TEST_LOGGER [main] 
Rate from 1-10. How did you like our service?
2022-12-06 22:21:57,474 ERROR TEST_LOGGER [main] 
There is an errorexceptions.InvalidSurveyAnswerException: 
Please enter a number from 1 to 10
2022-12-06 22:21:57,474 MENU_LOG TEST_LOGGER [main] 
Rate from 1-10. How did you like our service?
2022-12-06 22:22:01,394 MENU_LOG TEST_LOGGER [main] Rate from 1-10. How efficient was our service?
2022-12-06 22:22:03,210 ERROR TEST_LOGGER [main] 
There is an errorexceptions.InvalidSurveyAnswerException: 
Please enter a number from 1 to 10
2022-12-06 22:22:03,210 MENU_LOG TEST_LOGGER [main] 
Rate from 1-10. How did you like our service?
2022-12-06 22:22:05,403 MENU_LOG TEST_LOGGER [main] Rate from 1-10. How efficient was our service?
2022-12-06 22:22:07,765 MENU_LOG TEST_LOGGER [main] Rate from 1-10. How friendly was our staff?
2022-12-06 22:22:08,823 ERROR TEST_LOGGER [main] 
There is an errorexceptions.InvalidSurveyAnswerException: 
Please enter a number from 1 to 10
2022-12-06 22:22:08,823 MENU_LOG TEST_LOGGER [main] 
Rate from 1-10. How did you like our service?
2022-12-06 22:22:11,665 MENU_LOG TEST_LOGGER [main] Rate from 1-10. How efficient was our service?
2022-12-06 22:22:12,696 MENU_LOG TEST_LOGGER [main] Rate from 1-10. How friendly was our staff?
2022-12-06 22:22:13,677 MENU_LOG TEST_LOGGER [main] 
You answers were: 10, 10, and 10
2022-12-06 22:22:13,677 MENU_LOG TEST_LOGGER [main] 
Is this correct? Yes or No? (Not case sensitive)
2022-12-06 22:22:17,424 MENU_LOG TEST_LOGGER [main] Please select your choices again
2022-12-06 22:22:17,424 MENU_LOG TEST_LOGGER [main] 
Rate from 1-10. How did you like our service?
2022-12-06 22:22:18,455 MENU_LOG TEST_LOGGER [main] Rate from 1-10. How efficient was our service?
2022-12-06 22:22:19,218 MENU_LOG TEST_LOGGER [main] Rate from 1-10. How friendly was our staff?
2022-12-06 22:22:19,945 MENU_LOG TEST_LOGGER [main] 
You answers were: 10, 10, and 9
2022-12-06 22:22:19,946 MENU_LOG TEST_LOGGER [main] 
Is this correct? Yes or No? (Not case sensitive)
2022-12-06 22:22:22,642 MENU_LOG TEST_LOGGER [main] 
Thank you for your assistance. Goodbye
2022-12-08 09:17:37,298 MENU_LOG TEST_LOGGER [main] Welcome to the delivery system. 
2022-12-08 09:17:37,299 MENU_LOG TEST_LOGGER [main] Please choose from one of the following options: 
2022-12-08 09:17:37,300 MENU_LOG TEST_LOGGER [main] 1. Enter the sender
2022-12-08 09:17:37,300 MENU_LOG TEST_LOGGER [main] 2. Enter the recipient
2022-12-08 09:17:37,300 MENU_LOG TEST_LOGGER [main] 3. Send a package
2022-12-08 09:17:37,300 MENU_LOG TEST_LOGGER [main] 4. Only buy stamps
2022-12-08 09:17:37,300 MENU_LOG TEST_LOGGER [main] 5. File a complaint
2022-12-08 09:17:37,300 MENU_LOG TEST_LOGGER [main] 6. Sign up for our membership
2022-12-08 09:17:37,300 MENU_LOG TEST_LOGGER [main] 0. Exit the program
2022-12-09 00:09:05,131 MENU_LOG TEST_LOGGER [main] Welcome to the delivery system. 
2022-12-09 00:09:05,131 MENU_LOG TEST_LOGGER [main] Please choose from one of the following options: 
2022-12-09 00:09:05,131 MENU_LOG TEST_LOGGER [main] 1. Enter the sender
2022-12-09 00:09:05,131 MENU_LOG TEST_LOGGER [main] 2. Enter the recipient
2022-12-09 00:09:05,131 MENU_LOG TEST_LOGGER [main] 3. Send a package
2022-12-09 00:09:05,131 MENU_LOG TEST_LOGGER [main] 4. Only buy stamps
2022-12-09 00:09:05,131 MENU_LOG TEST_LOGGER [main] 5. File a complaint
2022-12-09 00:09:05,131 MENU_LOG TEST_LOGGER [main] 6. Sign up for our membership
2022-12-09 00:09:05,131 MENU_LOG TEST_LOGGER [main] 7. LinkedList Test
2022-12-09 00:09:05,131 MENU_LOG TEST_LOGGER [main] 0. Exit the program
2022-12-09 00:11:21,950 MENU_LOG TEST_LOGGER [main] Welcome to the delivery system. 
2022-12-09 00:11:21,952 MENU_LOG TEST_LOGGER [main] Please choose from one of the following options: 
2022-12-09 00:11:21,952 MENU_LOG TEST_LOGGER [main] 1. Enter the sender
2022-12-09 00:11:21,952 MENU_LOG TEST_LOGGER [main] 2. Enter the recipient
2022-12-09 00:11:21,952 MENU_LOG TEST_LOGGER [main] 3. Send a package
2022-12-09 00:11:21,952 MENU_LOG TEST_LOGGER [main] 4. Only buy stamps
2022-12-09 00:11:21,952 MENU_LOG TEST_LOGGER [main] 5. File a complaint
2022-12-09 00:11:21,952 MENU_LOG TEST_LOGGER [main] 6. Sign up for our membership
2022-12-09 00:11:21,952 MENU_LOG TEST_LOGGER [main] 7. LinkedList Test
2022-12-09 00:11:21,953 MENU_LOG TEST_LOGGER [main] 0. Exit the program
2022-12-09 00:15:09,300 MENU_LOG TEST_LOGGER [main] Welcome to the delivery system. 
2022-12-09 00:15:09,300 MENU_LOG TEST_LOGGER [main] Please choose from one of the following options: 
2022-12-09 00:15:09,300 MENU_LOG TEST_LOGGER [main] 1. Enter the sender
2022-12-09 00:15:09,300 MENU_LOG TEST_LOGGER [main] 2. Enter the recipient
2022-12-09 00:15:09,300 MENU_LOG TEST_LOGGER [main] 3. Send a package
2022-12-09 00:15:09,300 MENU_LOG TEST_LOGGER [main] 4. Only buy stamps
2022-12-09 00:15:09,315 MENU_LOG TEST_LOGGER [main] 5. File a complaint
2022-12-09 00:15:09,315 MENU_LOG TEST_LOGGER [main] 6. Sign up for our membership
2022-12-09 00:15:09,315 MENU_LOG TEST_LOGGER [main] 7. LinkedList Test
2022-12-09 00:15:09,315 MENU_LOG TEST_LOGGER [main] 0. Exit the program
2022-12-09 00:36:52,319 MENU_LOG TEST_LOGGER [main] Welcome to the delivery system. 
2022-12-09 00:36:52,321 MENU_LOG TEST_LOGGER [main] Please choose from one of the following options: 
2022-12-09 00:36:52,321 MENU_LOG TEST_LOGGER [main] 1. Enter the sender
2022-12-09 00:36:52,321 MENU_LOG TEST_LOGGER [main] 2. Enter the recipient
2022-12-09 00:36:52,321 MENU_LOG TEST_LOGGER [main] 3. Send a package
2022-12-09 00:36:52,321 MENU_LOG TEST_LOGGER [main] 4. Only buy stamps
2022-12-09 00:36:52,321 MENU_LOG TEST_LOGGER [main] 5. File a complaint
2022-12-09 00:36:52,321 MENU_LOG TEST_LOGGER [main] 6. Sign up for our membership
2022-12-09 00:36:52,321 MENU_LOG TEST_LOGGER [main] 7. Create a PO Box
2022-12-09 00:36:52,322 MENU_LOG TEST_LOGGER [main] 0. Exit the program
2022-12-09 00:36:54,457 MENU_LOG TEST_LOGGER [main] 
Enter your first name
2022-12-09 00:36:56,249 MENU_LOG TEST_LOGGER [main] Enter your last name
2022-12-09 00:36:57,689 MENU_LOG TEST_LOGGER [main] Enter your address
2022-12-09 00:36:58,832 MENU_LOG TEST_LOGGER [main] Enter your phone number
2022-12-09 00:36:59,628 MENU_LOG TEST_LOGGER [main] Linked list contains 1 nodes
2022-12-09 00:36:59,628 MENU_LOG TEST_LOGGER [main] Here they are: [Tom, Apple]
2022-12-09 00:40:01,696 MENU_LOG TEST_LOGGER [main] Welcome to the delivery system. 
2022-12-09 00:40:01,697 MENU_LOG TEST_LOGGER [main] Please choose from one of the following options: 
2022-12-09 00:40:01,698 MENU_LOG TEST_LOGGER [main] 1. Enter the sender
2022-12-09 00:40:01,698 MENU_LOG TEST_LOGGER [main] 2. Enter the recipient
2022-12-09 00:40:01,698 MENU_LOG TEST_LOGGER [main] 3. Send a package
2022-12-09 00:40:01,698 MENU_LOG TEST_LOGGER [main] 4. Only buy stamps
2022-12-09 00:40:01,698 MENU_LOG TEST_LOGGER [main] 5. File a complaint
2022-12-09 00:40:01,698 MENU_LOG TEST_LOGGER [main] 6. Sign up for our membership
2022-12-09 00:40:01,698 MENU_LOG TEST_LOGGER [main] 7. Create a PO Box
2022-12-09 00:40:01,698 MENU_LOG TEST_LOGGER [main] 0. Exit the program
2022-12-09 00:40:06,131 MENU_LOG TEST_LOGGER [main] 
Enter your first name
2022-12-09 00:40:07,873 MENU_LOG TEST_LOGGER [main] Enter your last name
2022-12-09 00:40:08,753 MENU_LOG TEST_LOGGER [main] Enter your address
2022-12-09 00:40:11,506 MENU_LOG TEST_LOGGER [main] Enter your phone number
2022-12-09 00:40:12,626 MENU_LOG TEST_LOGGER [main] Linked list contains 1 nodes
2022-12-09 00:40:12,627 MENU_LOG TEST_LOGGER [main] Here they are: [Tom, Apple
null
]
2022-12-09 00:41:46,410 MENU_LOG TEST_LOGGER [main] Welcome to the delivery system. 
2022-12-09 00:41:46,411 MENU_LOG TEST_LOGGER [main] Please choose from one of the following options: 
2022-12-09 00:41:46,411 MENU_LOG TEST_LOGGER [main] 1. Enter the sender
2022-12-09 00:41:46,411 MENU_LOG TEST_LOGGER [main] 2. Enter the recipient
2022-12-09 00:41:46,411 MENU_LOG TEST_LOGGER [main] 3. Send a package
2022-12-09 00:41:46,411 MENU_LOG TEST_LOGGER [main] 4. Only buy stamps
2022-12-09 00:41:46,411 MENU_LOG TEST_LOGGER [main] 5. File a complaint
2022-12-09 00:41:46,411 MENU_LOG TEST_LOGGER [main] 6. Sign up for our membership
2022-12-09 00:41:46,411 MENU_LOG TEST_LOGGER [main] 7. Create a PO Box
2022-12-09 00:41:46,411 MENU_LOG TEST_LOGGER [main] 0. Exit the program
2022-12-09 00:41:48,476 MENU_LOG TEST_LOGGER [main] 
Enter your first name
2022-12-09 00:41:49,633 MENU_LOG TEST_LOGGER [main] Enter your last name
2022-12-09 00:41:50,433 MENU_LOG TEST_LOGGER [main] Enter your address
2022-12-09 00:41:51,122 MENU_LOG TEST_LOGGER [main] Enter your phone number
2022-12-09 00:41:51,803 MENU_LOG TEST_LOGGER [main] null
2022-12-09 00:41:51,803 MENU_LOG TEST_LOGGER [main] Linked list contains 1 nodes
2022-12-09 00:41:51,803 MENU_LOG TEST_LOGGER [main] Here they are: [Tom, Apple
null
]
2022-12-09 00:42:58,709 MENU_LOG TEST_LOGGER [main] Welcome to the delivery system. 
2022-12-09 00:42:58,711 MENU_LOG TEST_LOGGER [main] Please choose from one of the following options: 
2022-12-09 00:42:58,712 MENU_LOG TEST_LOGGER [main] 1. Enter the sender
2022-12-09 00:42:58,712 MENU_LOG TEST_LOGGER [main] 2. Enter the recipient
2022-12-09 00:42:58,712 MENU_LOG TEST_LOGGER [main] 3. Send a package
2022-12-09 00:42:58,712 MENU_LOG TEST_LOGGER [main] 4. Only buy stamps
2022-12-09 00:42:58,712 MENU_LOG TEST_LOGGER [main] 5. File a complaint
2022-12-09 00:42:58,712 MENU_LOG TEST_LOGGER [main] 6. Sign up for our membership
2022-12-09 00:42:58,712 MENU_LOG TEST_LOGGER [main] 7. Create a PO Box
2022-12-09 00:42:58,712 MENU_LOG TEST_LOGGER [main] 0. Exit the program
2022-12-09 00:43:00,700 ERROR TEST_LOGGER [main] 
A problem occurred exceptions.InvalidDeliveryPlanException: 
Please select a number from the choices given
2022-12-09 00:43:00,700 MENU_LOG TEST_LOGGER [main] 1. Enter the sender
2022-12-09 00:43:00,700 MENU_LOG TEST_LOGGER [main] 2. Enter the recipient
2022-12-09 00:43:00,700 MENU_LOG TEST_LOGGER [main] 3. Send a package
2022-12-09 00:43:00,700 MENU_LOG TEST_LOGGER [main] 4. Only buy stamps
2022-12-09 00:43:00,700 MENU_LOG TEST_LOGGER [main] 5. File a complaint
2022-12-09 00:43:00,700 MENU_LOG TEST_LOGGER [main] 6. Sign up for our membership
2022-12-09 00:43:00,700 MENU_LOG TEST_LOGGER [main] 7. Create a PO Box
2022-12-09 00:43:00,700 MENU_LOG TEST_LOGGER [main] 0. Exit the program
2022-12-09 00:43:02,837 MENU_LOG TEST_LOGGER [main] 
Enter your first name
2022-12-09 00:43:15,255 MENU_LOG TEST_LOGGER [main] Welcome to the delivery system. 
2022-12-09 00:43:15,255 MENU_LOG TEST_LOGGER [main] Please choose from one of the following options: 
2022-12-09 00:43:15,255 MENU_LOG TEST_LOGGER [main] 1. Enter the sender
2022-12-09 00:43:15,255 MENU_LOG TEST_LOGGER [main] 2. Enter the recipient
2022-12-09 00:43:15,255 MENU_LOG TEST_LOGGER [main] 3. Send a package
2022-12-09 00:43:15,255 MENU_LOG TEST_LOGGER [main] 4. Only buy stamps
2022-12-09 00:43:15,255 MENU_LOG TEST_LOGGER [main] 5. File a complaint
2022-12-09 00:43:15,255 MENU_LOG TEST_LOGGER [main] 6. Sign up for our membership
2022-12-09 00:43:15,255 MENU_LOG TEST_LOGGER [main] 7. Create a PO Box
2022-12-09 00:43:15,255 MENU_LOG TEST_LOGGER [main] 0. Exit the program
2022-12-09 00:43:16,462 MENU_LOG TEST_LOGGER [main] 
Enter your first name
2022-12-09 00:43:18,352 MENU_LOG TEST_LOGGER [main] Enter your last name
2022-12-09 00:43:19,222 MENU_LOG TEST_LOGGER [main] Enter your address
2022-12-09 00:43:20,878 MENU_LOG TEST_LOGGER [main] Enter your phone number
2022-12-09 00:43:21,607 MENU_LOG TEST_LOGGER [main] null
2022-12-09 00:43:21,607 MENU_LOG TEST_LOGGER [main] Linked list contains 1 nodes
2022-12-09 00:43:21,607 MENU_LOG TEST_LOGGER [main] Here they are: [TOm, Apple
null
]
2022-12-09 00:44:11,870 MENU_LOG TEST_LOGGER [main] Welcome to the delivery system. 
2022-12-09 00:44:11,871 MENU_LOG TEST_LOGGER [main] Please choose from one of the following options: 
2022-12-09 00:44:11,871 MENU_LOG TEST_LOGGER [main] 1. Enter the sender
2022-12-09 00:44:11,871 MENU_LOG TEST_LOGGER [main] 2. Enter the recipient
2022-12-09 00:44:11,871 MENU_LOG TEST_LOGGER [main] 3. Send a package
2022-12-09 00:44:11,871 MENU_LOG TEST_LOGGER [main] 4. Only buy stamps
2022-12-09 00:44:11,871 MENU_LOG TEST_LOGGER [main] 5. File a complaint
2022-12-09 00:44:11,872 MENU_LOG TEST_LOGGER [main] 6. Sign up for our membership
2022-12-09 00:44:11,872 MENU_LOG TEST_LOGGER [main] 7. Create a PO Box
2022-12-09 00:44:11,872 MENU_LOG TEST_LOGGER [main] 0. Exit the program
2022-12-09 00:44:13,486 MENU_LOG TEST_LOGGER [main] 
Enter your first name
2022-12-09 00:44:16,705 MENU_LOG TEST_LOGGER [main] Enter your last name
2022-12-09 00:44:17,898 MENU_LOG TEST_LOGGER [main] Enter your address
2022-12-09 00:44:18,927 MENU_LOG TEST_LOGGER [main] Enter your phone number
2022-12-09 00:44:19,516 MENU_LOG TEST_LOGGER [main] PO Box 7110
2022-12-09 00:44:19,516 MENU_LOG TEST_LOGGER [main] Linked list contains 1 nodes
2022-12-09 00:44:19,517 MENU_LOG TEST_LOGGER [main] Here they are: [TOm, Apple
PO Box 7110]
2022-12-09 00:46:34,462 MENU_LOG TEST_LOGGER [main] Welcome to the delivery system. 
2022-12-09 00:46:34,464 MENU_LOG TEST_LOGGER [main] Please choose from one of the following options: 
2022-12-09 00:46:34,464 MENU_LOG TEST_LOGGER [main] 1. Enter the sender
2022-12-09 00:46:34,464 MENU_LOG TEST_LOGGER [main] 2. Enter the recipient
2022-12-09 00:46:34,464 MENU_LOG TEST_LOGGER [main] 3. Send a package
2022-12-09 00:46:34,464 MENU_LOG TEST_LOGGER [main] 4. Only buy stamps
2022-12-09 00:46:34,464 MENU_LOG TEST_LOGGER [main] 5. File a complaint
2022-12-09 00:46:34,464 MENU_LOG TEST_LOGGER [main] 6. Sign up for our membership
2022-12-09 00:46:34,464 MENU_LOG TEST_LOGGER [main] 7. Create a PO Box
2022-12-09 00:46:34,464 MENU_LOG TEST_LOGGER [main] 0. Exit the program
2022-12-09 00:46:38,828 MENU_LOG TEST_LOGGER [main] 
Enter your first name
2022-12-09 00:46:40,338 MENU_LOG TEST_LOGGER [main] Enter your last name
2022-12-09 00:46:42,108 MENU_LOG TEST_LOGGER [main] Enter your address
2022-12-09 00:46:43,898 MENU_LOG TEST_LOGGER [main] Enter your phone number
2022-12-09 00:46:45,124 MENU_LOG TEST_LOGGER [main] 1 PO boxes contained so far
2022-12-09 00:46:45,124 MENU_LOG TEST_LOGGER [main] Here they are
[Tom, Apple
PO Box 1274]
2022-12-09 00:46:45,124 MENU_LOG TEST_LOGGER [main] 1. Enter the sender
2022-12-09 00:46:45,124 MENU_LOG TEST_LOGGER [main] 2. Enter the recipient
2022-12-09 00:46:45,124 MENU_LOG TEST_LOGGER [main] 3. Send a package
2022-12-09 00:46:45,124 MENU_LOG TEST_LOGGER [main] 4. Only buy stamps
2022-12-09 00:46:45,125 MENU_LOG TEST_LOGGER [main] 5. File a complaint
2022-12-09 00:46:45,125 MENU_LOG TEST_LOGGER [main] 6. Sign up for our membership
2022-12-09 00:46:45,125 MENU_LOG TEST_LOGGER [main] 7. Create a PO Box
2022-12-09 00:46:45,125 MENU_LOG TEST_LOGGER [main] 0. Exit the program
2022-12-09 00:47:00,338 MENU_LOG TEST_LOGGER [main] 
Enter your first name
2022-12-09 00:47:02,386 MENU_LOG TEST_LOGGER [main] Enter your last name
2022-12-09 00:47:03,602 MENU_LOG TEST_LOGGER [main] Enter your address
2022-12-09 00:47:04,416 MENU_LOG TEST_LOGGER [main] Enter your phone number
2022-12-09 00:47:05,290 MENU_LOG TEST_LOGGER [main] 1 PO boxes contained so far
2022-12-09 00:47:05,290 MENU_LOG TEST_LOGGER [main] Here they are
[Jones, Mac
PO Box 6864]
2022-12-09 00:47:05,290 MENU_LOG TEST_LOGGER [main] 1. Enter the sender
2022-12-09 00:47:05,290 MENU_LOG TEST_LOGGER [main] 2. Enter the recipient
2022-12-09 00:47:05,290 MENU_LOG TEST_LOGGER [main] 3. Send a package
2022-12-09 00:47:05,291 MENU_LOG TEST_LOGGER [main] 4. Only buy stamps
2022-12-09 00:47:05,291 MENU_LOG TEST_LOGGER [main] 5. File a complaint
2022-12-09 00:47:05,291 MENU_LOG TEST_LOGGER [main] 6. Sign up for our membership
2022-12-09 00:47:05,291 MENU_LOG TEST_LOGGER [main] 7. Create a PO Box
2022-12-09 00:47:05,291 MENU_LOG TEST_LOGGER [main] 0. Exit the program
2022-12-09 00:53:09,278 MENU_LOG TEST_LOGGER [main] Welcome to the delivery system. 
2022-12-09 00:53:09,278 MENU_LOG TEST_LOGGER [main] Please choose from one of the following options: 
2022-12-09 00:53:09,278 MENU_LOG TEST_LOGGER [main] 1. Enter the sender
2022-12-09 00:53:09,278 MENU_LOG TEST_LOGGER [main] 2. Enter the recipient
2022-12-09 00:53:09,278 MENU_LOG TEST_LOGGER [main] 3. Send a package
2022-12-09 00:53:09,278 MENU_LOG TEST_LOGGER [main] 4. Only buy stamps
2022-12-09 00:53:09,278 MENU_LOG TEST_LOGGER [main] 5. File a complaint
2022-12-09 00:53:09,278 MENU_LOG TEST_LOGGER [main] 6. Sign up for our membership
2022-12-09 00:53:09,278 MENU_LOG TEST_LOGGER [main] 7. Create a PO Box
2022-12-09 00:53:09,278 MENU_LOG TEST_LOGGER [main] 0. Exit the program
